# JRE version: OpenJDK Runtime Environment (11.0.15) (build 11.0.15+0-b2043.56-9505619)
# Java VM: OpenJDK 64-Bit Server VM (11.0.15+0-b2043.56-9505619, mixed mode, tiered, compressed oops, g1 gc, windows-amd64)
Heap:
 garbage-first heap   total 192512K, used 60341K [0x0000000080000000, 0x0000000100000000)
  region size 1024K, 3 young (3072K), 3 survivors (3072K)
 Metaspace       used 43280K, capacity 44350K, committed 44496K, reserved 1087488K
  class space    used 5506K, capacity 5928K, committed 6016K, reserved 1048576K
GC Heap History (20 events):
Event: 0.572 GC heap after
{Heap after GC invocations=1 (full 0):
 garbage-first heap   total 126976K, used 1405K [0x0000000080000000, 0x0000000100000000)
  region size 1024K, 1 young (1024K), 1 survivors (1024K)
 Metaspace       used 6147K, capacity 6265K, committed 6528K, reserved 1056768K
  class space    used 526K, capacity 578K, committed 640K, reserved 1048576K
}
Event: 4.036 GC heap before
{Heap before GC invocations=1 (full 0):
 garbage-first heap   total 126976K, used 82301K [0x0000000080000000, 0x0000000100000000)
  region size 1024K, 74 young (75776K), 1 survivors (1024K)
 Metaspace       used 15969K, capacity 16351K, committed 16512K, reserved 1064960K
  class space    used 1783K, capacity 1901K, committed 1920K, reserved 1048576K
}
Event: 4.046 GC heap after
{Heap after GC invocations=2 (full 0):
 garbage-first heap   total 126976K, used 15491K [0x0000000080000000, 0x0000000100000000)
  region size 1024K, 10 young (10240K), 10 survivors (10240K)
 Metaspace       used 15969K, capacity 16351K, committed 16512K, reserved 1064960K
  class space    used 1783K, capacity 1901K, committed 1920K, reserved 1048576K
}
Event: 4.186 GC heap before
{Heap before GC invocations=2 (full 0):
 garbage-first heap   total 126976K, used 17539K [0x0000000080000000, 0x0000000100000000)
  region size 1024K, 12 young (12288K), 10 survivors (10240K)
 Metaspace       used 16637K, capacity 17042K, committed 17152K, reserved 1064960K
  class space    used 1876K, capacity 2004K, committed 2048K, reserved 1048576K
}
Event: 4.193 GC heap after
{Heap after GC invocations=3 (full 0):
 garbage-first heap   total 126976K, used 16027K [0x0000000080000000, 0x0000000100000000)
  region size 1024K, 1 young (1024K), 1 survivors (1024K)
 Metaspace       used 16637K, capacity 17042K, committed 17152K, reserved 1064960K
  class space    used 1876K, capacity 2004K, committed 2048K, reserved 1048576K
}
Event: 4.474 GC heap before
{Heap before GC invocations=3 (full 0):
 garbage-first heap   total 126976K, used 29339K [0x0000000080000000, 0x0000000100000000)
  region size 1024K, 15 young (15360K), 1 survivors (1024K)
 Metaspace       used 18759K, capacity 19202K, committed 19328K, reserved 1067008K
  class space    used 2196K, capacity 2334K, committed 2432K, reserved 1048576K
}
Event: 4.477 GC heap after
{Heap after GC invocations=4 (full 0):
 garbage-first heap   total 126976K, used 16384K [0x0000000080000000, 0x0000000100000000)
  region size 1024K, 1 young (1024K), 1 survivors (1024K)
 Metaspace       used 18759K, capacity 19202K, committed 19328K, reserved 1067008K
  class space    used 2196K, capacity 2334K, committed 2432K, reserved 1048576K
}
Event: 4.668 GC heap before
{Heap before GC invocations=4 (full 0):
 garbage-first heap   total 126976K, used 31744K [0x0000000080000000, 0x0000000100000000)
  region size 1024K, 17 young (17408K), 1 survivors (1024K)
 Metaspace       used 20755K, capacity 21192K, committed 21296K, reserved 1069056K
  class space    used 2489K, capacity 2635K, committed 2688K, reserved 1048576K
}
Event: 4.674 GC heap after
{Heap after GC invocations=5 (full 0):
 garbage-first heap   total 126976K, used 16771K [0x0000000080000000, 0x0000000100000000)
  region size 1024K, 2 young (2048K), 2 survivors (2048K)
 Metaspace       used 20755K, capacity 21192K, committed 21296K, reserved 1069056K
  class space    used 2489K, capacity 2635K, committed 2688K, reserved 1048576K
}
Event: 5.000 GC heap before
{Heap before GC invocations=6 (full 0):
 garbage-first heap   total 126976K, used 46467K [0x0000000080000000, 0x0000000100000000)
  region size 1024K, 31 young (31744K), 2 survivors (2048K)
 Metaspace       used 23298K, capacity 23877K, committed 24112K, reserved 1071104K
  class space    used 2937K, capacity 3153K, committed 3200K, reserved 1048576K
}
Event: 5.005 GC heap after
{Heap after GC invocations=7 (full 0):
 garbage-first heap   total 126976K, used 17772K [0x0000000080000000, 0x0000000100000000)
  region size 1024K, 3 young (3072K), 3 survivors (3072K)
 Metaspace       used 23298K, capacity 23877K, committed 24112K, reserved 1071104K
  class space    used 2937K, capacity 3153K, committed 3200K, reserved 1048576K
}
Event: 5.985 GC heap before
{Heap before GC invocations=7 (full 0):
 garbage-first heap   total 126976K, used 89452K [0x0000000080000000, 0x0000000100000000)
  region size 1024K, 47 young (48128K), 3 survivors (3072K)
 Metaspace       used 28123K, capacity 28991K, committed 29104K, reserved 1075200K
  class space    used 3703K, capacity 4029K, committed 4096K, reserved 1048576K
}
Event: 5.992 GC heap after
{Heap after GC invocations=8 (full 0):
 garbage-first heap   total 126976K, used 51454K [0x0000000080000000, 0x0000000100000000)
  region size 1024K, 6 young (6144K), 6 survivors (6144K)
 Metaspace       used 28123K, capacity 28991K, committed 29104K, reserved 1075200K
  class space    used 3703K, capacity 4029K, committed 4096K, reserved 1048576K
}
Event: 6.442 GC heap before
{Heap before GC invocations=8 (full 0):
 garbage-first heap   total 126976K, used 85246K [0x0000000080000000, 0x0000000100000000)
  region size 1024K, 39 young (39936K), 6 survivors (6144K)
 Metaspace       used 31062K, capacity 31955K, committed 32048K, reserved 1077248K
  class space    used 4131K, capacity 4466K, committed 4480K, reserved 1048576K
}
Event: 6.452 GC heap after
{Heap after GC invocations=9 (full 0):
 garbage-first heap   total 126976K, used 52656K [0x0000000080000000, 0x0000000100000000)
  region size 1024K, 1 young (1024K), 1 survivors (1024K)
 Metaspace       used 31062K, capacity 31955K, committed 32048K, reserved 1077248K
  class space    used 4131K, capacity 4466K, committed 4480K, reserved 1048576K
}
Event: 6.990 GC heap before
{Heap before GC invocations=9 (full 0):
 garbage-first heap   total 126976K, used 80304K [0x0000000080000000, 0x0000000100000000)
  region size 1024K, 29 young (29696K), 1 survivors (1024K)
 Metaspace       used 34819K, capacity 35830K, committed 35920K, reserved 1081344K
  class space    used 4668K, capacity 5075K, committed 5120K, reserved 1048576K
}
Event: 6.998 GC heap after
{Heap after GC invocations=10 (full 0):
 garbage-first heap   total 126976K, used 54184K [0x0000000080000000, 0x0000000100000000)
  region size 1024K, 3 young (3072K), 3 survivors (3072K)
 Metaspace       used 34819K, capacity 35830K, committed 35920K, reserved 1081344K
  class space    used 4668K, capacity 5075K, committed 5120K, reserved 1048576K
}
Event: 7.562 GC heap before
{Heap before GC invocations=11 (full 0):
 garbage-first heap   total 126976K, used 87976K [0x0000000080000000, 0x0000000100000000)
  region size 1024K, 36 young (36864K), 3 survivors (3072K)
 Metaspace       used 39884K, capacity 40903K, committed 41040K, reserved 1085440K
  class space    used 5140K, capacity 5550K, committed 5632K, reserved 1048576K
}
Event: 7.582 GC heap after
{Heap after GC invocations=12 (full 0):
 garbage-first heap   total 126976K, used 58199K [0x0000000080000000, 0x0000000100000000)
  region size 1024K, 5 young (5120K), 5 survivors (5120K)
 Metaspace       used 39884K, capacity 40903K, committed 41040K, reserved 1085440K
  class space    used 5140K, capacity 5550K, committed 5632K, reserved 1048576K
}
Event: 9.135 GC heap before
{Heap before GC invocations=12 (full 0):
 garbage-first heap   total 126976K, used 94039K [0x0000000080000000, 0x0000000100000000)
  region size 1024K, 38 young (38912K), 5 survivors (5120K)
 Metaspace       used 43280K, capacity 44350K, committed 44496K, reserved 1087488K
  class space    used 5506K, capacity 5928K, committed 6016K, reserved 1048576K
}

