# JRE version: OpenJDK Runtime Environment (11.0.15) (build 11.0.15+0-b2043.56-9505619)
# Java VM: OpenJDK 64-Bit Server VM (11.0.15+0-b2043.56-9505619, mixed mode, tiered, compressed oops, g1 gc, windows-amd64)
Heap:
 garbage-first heap   total 126976K, used 93733K [0x0000000080000000, 0x0000000100000000)
  region size 1024K, 36 young (36864K), 1 survivors (1024K)
 Metaspace       used 50930K, capacity 52250K, committed 52528K, reserved 1095680K
  class space    used 6464K, capacity 6966K, committed 7040K, reserved 1048576K
GC Heap History (20 events):
Event: 219.163 GC heap before
{Heap before GC invocations=11 (full 0):
 garbage-first heap   total 126976K, used 78052K [0x0000000080000000, 0x0000000100000000)
  region size 1024K, 38 young (38912K), 1 survivors (1024K)
 Metaspace       used 40971K, capacity 42171K, committed 42288K, reserved 1085440K
  class space    used 5247K, capacity 5657K, committed 5760K, reserved 1048576K
}
Event: 219.179 GC heap after
{Heap after GC invocations=12 (full 0):
 garbage-first heap   total 126976K, used 46007K [0x0000000080000000, 0x0000000100000000)
  region size 1024K, 5 young (5120K), 5 survivors (5120K)
 Metaspace       used 40971K, capacity 42171K, committed 42288K, reserved 1085440K
  class space    used 5247K, capacity 5657K, committed 5760K, reserved 1048576K
}
Event: 219.934 GC heap before
{Heap before GC invocations=12 (full 0):
 garbage-first heap   total 126976K, used 85943K [0x0000000080000000, 0x0000000100000000)
  region size 1024K, 42 young (43008K), 5 survivors (5120K)
 Metaspace       used 45461K, capacity 46672K, committed 47024K, reserved 1089536K
  class space    used 5823K, capacity 6282K, committed 6400K, reserved 1048576K
}
Event: 219.946 GC heap after
{Heap after GC invocations=13 (full 0):
 garbage-first heap   total 126976K, used 47874K [0x0000000080000000, 0x0000000100000000)
  region size 1024K, 3 young (3072K), 3 survivors (3072K)
 Metaspace       used 45461K, capacity 46672K, committed 47024K, reserved 1089536K
  class space    used 5823K, capacity 6282K, committed 6400K, reserved 1048576K
}
Event: 222.196 GC heap before
{Heap before GC invocations=13 (full 0):
 garbage-first heap   total 126976K, used 86786K [0x0000000080000000, 0x0000000100000000)
  region size 1024K, 41 young (41984K), 3 survivors (3072K)
 Metaspace       used 48389K, capacity 49729K, committed 49840K, reserved 1093632K
  class space    used 6135K, capacity 6592K, committed 6656K, reserved 1048576K
}
Event: 222.208 GC heap after
{Heap after GC invocations=14 (full 0):
 garbage-first heap   total 126976K, used 49774K [0x0000000080000000, 0x0000000100000000)
  region size 1024K, 5 young (5120K), 5 survivors (5120K)
 Metaspace       used 48389K, capacity 49729K, committed 49840K, reserved 1093632K
  class space    used 6135K, capacity 6592K, committed 6656K, reserved 1048576K
}
Event: 223.547 GC heap before
{Heap before GC invocations=14 (full 0):
 garbage-first heap   total 126976K, used 95854K [0x0000000080000000, 0x0000000100000000)
  region size 1024K, 44 young (45056K), 5 survivors (5120K)
 Metaspace       used 50614K, capacity 51947K, committed 52016K, reserved 1093632K
  class space    used 6466K, capacity 6972K, committed 7040K, reserved 1048576K
}
Event: 223.556 GC heap after
{Heap after GC invocations=15 (full 0):
 garbage-first heap   total 126976K, used 56759K [0x0000000080000000, 0x0000000100000000)
  region size 1024K, 4 young (4096K), 4 survivors (4096K)
 Metaspace       used 50614K, capacity 51947K, committed 52016K, reserved 1093632K
  class space    used 6466K, capacity 6972K, committed 7040K, reserved 1048576K
}
Event: 223.819 GC heap before
{Heap before GC invocations=15 (full 0):
 garbage-first heap   total 126976K, used 81335K [0x0000000080000000, 0x0000000100000000)
  region size 1024K, 27 young (27648K), 4 survivors (4096K)
 Metaspace       used 50909K, capacity 52268K, committed 52528K, reserved 1095680K
  class space    used 6468K, capacity 6972K, committed 7040K, reserved 1048576K
}
Event: 223.825 GC heap after
{Heap after GC invocations=16 (full 0):
 garbage-first heap   total 126976K, used 53193K [0x0000000080000000, 0x0000000100000000)
  region size 1024K, 2 young (2048K), 2 survivors (2048K)
 Metaspace       used 50909K, capacity 52268K, committed 52528K, reserved 1095680K
  class space    used 6468K, capacity 6972K, committed 7040K, reserved 1048576K
}
Event: 224.187 GC heap before
{Heap before GC invocations=17 (full 0):
 garbage-first heap   total 126976K, used 98249K [0x0000000080000000, 0x0000000100000000)
  region size 1024K, 41 young (41984K), 2 survivors (2048K)
 Metaspace       used 50931K, capacity 52268K, committed 52528K, reserved 1095680K
  class space    used 6469K, capacity 6972K, committed 7040K, reserved 1048576K
}
Event: 224.191 GC heap after
{Heap after GC invocations=18 (full 0):
 garbage-first heap   total 126976K, used 59195K [0x0000000080000000, 0x0000000100000000)
  region size 1024K, 3 young (3072K), 3 survivors (3072K)
 Metaspace       used 50931K, capacity 52268K, committed 52528K, reserved 1095680K
  class space    used 6469K, capacity 6972K, committed 7040K, reserved 1048576K
}
Event: 224.212 GC heap before
{Heap before GC invocations=18 (full 0):
 garbage-first heap   total 126976K, used 62267K [0x0000000080000000, 0x0000000100000000)
  region size 1024K, 7 young (7168K), 3 survivors (3072K)
 Metaspace       used 50932K, capacity 52268K, committed 52528K, reserved 1095680K
  class space    used 6469K, capacity 6972K, committed 7040K, reserved 1048576K
}
Event: 224.214 GC heap after
{Heap after GC invocations=19 (full 0):
 garbage-first heap   total 126976K, used 59034K [0x0000000080000000, 0x0000000100000000)
  region size 1024K, 2 young (2048K), 2 survivors (2048K)
 Metaspace       used 50932K, capacity 52268K, committed 52528K, reserved 1095680K
  class space    used 6469K, capacity 6972K, committed 7040K, reserved 1048576K
}
Event: 224.429 GC heap before
{Heap before GC invocations=20 (full 0):
 garbage-first heap   total 126976K, used 75418K [0x0000000080000000, 0x0000000100000000)
  region size 1024K, 18 young (18432K), 2 survivors (2048K)
 Metaspace       used 50927K, capacity 52250K, committed 52528K, reserved 1095680K
  class space    used 6464K, capacity 6966K, committed 7040K, reserved 1048576K
}
Event: 224.435 GC heap after
{Heap after GC invocations=21 (full 0):
 garbage-first heap   total 126976K, used 62506K [0x0000000080000000, 0x0000000100000000)
  region size 1024K, 6 young (6144K), 6 survivors (6144K)
 Metaspace       used 50927K, capacity 52250K, committed 52528K, reserved 1095680K
  class space    used 6464K, capacity 6966K, committed 7040K, reserved 1048576K
}
Event: 224.803 GC heap before
{Heap before GC invocations=22 (full 0):
 garbage-first heap   total 126976K, used 92202K [0x0000000080000000, 0x0000000100000000)
  region size 1024K, 34 young (34816K), 6 survivors (6144K)
 Metaspace       used 50927K, capacity 52250K, committed 52528K, reserved 1095680K
  class space    used 6464K, capacity 6966K, committed 7040K, reserved 1048576K
}
Event: 224.808 GC heap after
{Heap after GC invocations=23 (full 0):
 garbage-first heap   total 126976K, used 59980K [0x0000000080000000, 0x0000000100000000)
  region size 1024K, 1 young (1024K), 1 survivors (1024K)
 Metaspace       used 50927K, capacity 52250K, committed 52528K, reserved 1095680K
  class space    used 6464K, capacity 6966K, committed 7040K, reserved 1048576K
}
Event: 225.128 GC heap before
{Heap before GC invocations=23 (full 0):
 garbage-first heap   total 126976K, used 91724K [0x0000000080000000, 0x0000000100000000)
  region size 1024K, 33 young (33792K), 1 survivors (1024K)
 Metaspace       used 50930K, capacity 52250K, committed 52528K, reserved 1095680K
  class space    used 6464K, capacity 6966K, committed 7040K, reserved 1048576K
}
Event: 225.129 GC heap after
{Heap after GC invocations=24 (full 0):
 garbage-first heap   total 126976K, used 59941K [0x0000000080000000, 0x0000000100000000)
  region size 1024K, 1 young (1024K), 1 survivors (1024K)
 Metaspace       used 50930K, capacity 52250K, committed 52528K, reserved 1095680K
  class space    used 6464K, capacity 6966K, committed 7040K, reserved 1048576K
}

